<?xml version="1.0" encoding="UTF-8"?>
<!-- Generated by org.testng.reporters.JUnitReportReporter -->
<testsuite name="com.example.tests.GmailLogin" tests="1" time="1.879" ignored="0" failures="0" timestamp="24 Jan 2017 04:11:47 GMT" skipped="0" hostname="GOVTECH-CTMO-02" errors="0">
  <testcase name="TestCase1_GmailSignIn" time="1.879" classname="com.example.tests.GmailLogin"/>
</testsuite> <!-- com.example.tests.GmailLogin -->
